<?xml version="1.0" encoding="UTF-8"?>
<testsuite name="model.regulators.AlwaysOnRegulatorTest" tests="2" skipped="0" failures="0" errors="0" timestamp="2023-10-25T15:36:31" hostname="pl-portable-linux" time="0.008">
  <properties/>
  <testcase name="testInputFunction()" classname="model.regulators.AlwaysOnRegulatorTest" time="0.003"/>
  <testcase name="testDescription()" classname="model.regulators.AlwaysOnRegulatorTest" time="0.002"/>
  <system-out><![CDATA[]]></system-out>
  <system-err><![CDATA[]]></system-err>
</testsuite>
