<?xml version="1.0" encoding="UTF-8"?>
<testsuite name="model.genes.ConcreteGeneTest" tests="3" skipped="0" failures="1" errors="0" timestamp="2023-11-08T14:09:07" hostname="pl-portable-linux" time="0.051">
  <properties/>
  <testcase name="testSetProteinConcentration()" classname="model.genes.ConcreteGeneTest" time="0.037"/>
  <testcase name="testAllGettersOfClass()" classname="model.genes.ConcreteGeneTest" time="0.003"/>
  <testcase name="testUpdate()" classname="model.genes.ConcreteGeneTest" time="0.009">
    <failure message="org.opentest4j.AssertionFailedError: &#10;expected: 20.2&#10; but was: 18.0" type="org.opentest4j.AssertionFailedError">org.opentest4j.AssertionFailedError: 
expected: 20.2
 but was: 18.0
	at java.base@17.0.8.1/jdk.internal.reflect.NativeConstructorAccessorImpl.newInstance0(Native Method)
	at java.base@17.0.8.1/jdk.internal.reflect.NativeConstructorAccessorImpl.newInstance(NativeConstructorAccessorImpl.java:77)
	at java.base@17.0.8.1/jdk.internal.reflect.DelegatingConstructorAccessorImpl.newInstance(DelegatingConstructorAccessorImpl.java:45)
	at java.base@17.0.8.1/java.lang.reflect.Constructor.newInstanceWithCaller(Constructor.java:499)
	at app//model.genes.ConcreteGeneTest.testUpdate(ConcreteGeneTest.java:44)
	at java.base@17.0.8.1/java.lang.reflect.Method.invoke(Method.java:568)
	at java.base@17.0.8.1/java.util.ArrayList.forEach(ArrayList.java:1511)
	at java.base@17.0.8.1/java.util.ArrayList.forEach(ArrayList.java:1511)
</failure>
  </testcase>
  <system-out><![CDATA[]]></system-out>
  <system-err><![CDATA[]]></system-err>
</testsuite>
