<?xml version="1.0" encoding="UTF-8"?>
<testsuite name="model.genes.ConstantGeneTest" tests="9" skipped="0" failures="0" errors="0" timestamp="2023-11-08T14:09:07" hostname="pl-portable-linux" time="0.01">
  <properties/>
  <testcase name="testGetInitialProteinConcentration_afterConstruction()" classname="model.genes.ConstantGeneTest" time="0.001"/>
  <testcase name="testGetDegradationRate()" classname="model.genes.ConstantGeneTest" time="0.001"/>
  <testcase name="testGetMaximalProduction()" classname="model.genes.ConstantGeneTest" time="0.0"/>
  <testcase name="testIsSignaled()" classname="model.genes.ConstantGeneTest" time="0.0"/>
  <testcase name="testGetName()" classname="model.genes.ConstantGeneTest" time="0.001"/>
  <testcase name="testGetInitialProteinConcentration_afterSettingProteinConcentration()" classname="model.genes.ConstantGeneTest" time="0.001"/>
  <testcase name="testGetProteinConcentration_afterSettingProteinConcentration()" classname="model.genes.ConstantGeneTest" time="0.001"/>
  <testcase name="testSetSignaled()" classname="model.genes.ConstantGeneTest" time="0.0"/>
  <testcase name="testGetProteinConcentration_afterConstruction()" classname="model.genes.ConstantGeneTest" time="0.0"/>
  <system-out><![CDATA[]]></system-out>
  <system-err><![CDATA[]]></system-err>
</testsuite>
